[2024-06-21 08:57:41 PM] error: 	formatStr.match is not a function
[2024-06-21 08:57:43 PM] error: 	formatStr.match is not a function
[2024-06-21 09:11:56 PM] error: 	zonedTimeToUtc is not a function
[2024-06-21 09:12:00 PM] error: 	zonedTimeToUtc is not a function
[2024-06-21 09:13:36 PM] error: 	zonedTimeToUtc is not a function
[2024-06-21 09:13:53 PM] error: 	zonedTimeToUtc is not a function
[2024-06-21 09:13:59 PM] error: 	zonedTimeToUtc is not a function
[2024-06-21 09:14:00 PM] error: 	zonedTimeToUtc is not a function
[2024-06-21 09:14:06 PM] error: 	zonedTimeToUtc is not a function
[2024-06-21 09:14:09 PM] error: 	zonedTimeToUtc is not a function
[2024-06-21 09:14:23 PM] error: 	zonedTimeToUtc is not a function
[2024-06-22 01:01:33 PM] info: 	Email Sent Success: {"ResponseMetadata":{"RequestId":"1f004ac1-559b-405b-9056-3943adf5e7b1"},"MessageId":"010801903de45aed-f6a1d237-9c7a-4703-9a04-5c91e60d7d04-000000"}
[2024-06-22 01:22:26 PM] info: 	Email Sent Success: {"ResponseMetadata":{"RequestId":"487cd0d6-767c-485d-91b2-fcc5b897fdad"},"MessageId":"010801903df77921-c4711c62-ae0b-4b4b-b05e-47417368daa1-000000"}
[2024-06-22 01:23:32 PM] info: 	Email Sent Success: {"ResponseMetadata":{"RequestId":"3886900a-b1fe-430b-ace1-411bad81325e"},"MessageId":"010801903df87a36-47add92d-f0d4-4e86-b123-e27636de21b2-000000"}
[2024-06-22 01:28:33 PM] info: 	Email Sent Success: {"ResponseMetadata":{"RequestId":"16ee8f6c-e829-4daa-b51e-6d8b8db01597"},"MessageId":"010801903dfd1198-0138dc88-2eec-4ccc-87bc-89234b7ac937-000000"}
[2024-06-22 01:29:41 PM] info: 	Email Sent Success: {"ResponseMetadata":{"RequestId":"627ad3ee-eba3-44b0-b942-60e66137c605"},"MessageId":"010801903dfe1bdf-99f2dc9e-d828-41b0-90d8-9bc34b2bb976-000000"}
[2024-06-22 01:48:47 PM] info: 	Email Sent Success: {"ResponseMetadata":{"RequestId":"c83c514c-8e48-4027-a68c-9ccd54db6a64"},"MessageId":"010801903e0f9a82-bdb5ebb3-950f-4cf1-ba03-e90d8b8db0d6-000000"}
[2024-06-22 04:13:40 PM] error: 	Expected ',' or '}' after property value in JSON at position 30
[2024-06-22 04:14:38 PM] error: 	Expected ',' or '}' after property value in JSON at position 30
[2024-06-22 04:15:43 PM] error: 	Expected ',' or '}' after property value in JSON at position 30
[2024-06-22 04:15:44 PM] error: 	Expected ',' or '}' after property value in JSON at position 30
[2024-06-22 04:16:47 PM] error: 	Expected ',' or '}' after property value in JSON at position 30
[2024-06-22 04:17:00 PM] error: 	Expected ',' or '}' after property value in JSON at position 30
[2024-06-22 04:17:02 PM] error: 	Expected ',' or '}' after property value in JSON at position 30
[2024-06-22 04:17:15 PM] error: 	Expected ',' or '}' after property value in JSON at position 30
[2024-06-22 04:17:25 PM] error: 	Expected ',' or '}' after property value in JSON at position 30
[2024-06-22 04:17:26 PM] error: 	Expected ',' or '}' after property value in JSON at position 30
[2024-06-22 04:17:27 PM] error: 	Expected ',' or '}' after property value in JSON at position 30
[2024-06-22 04:17:27 PM] error: 	Expected ',' or '}' after property value in JSON at position 30
[2024-06-22 04:17:28 PM] error: 	Expected ',' or '}' after property value in JSON at position 30
[2024-06-22 04:18:02 PM] info: 	Email Sent Success: {"ResponseMetadata":{"RequestId":"e1041492-4528-4be5-849a-bb658bf3876c"},"MessageId":"010801903e983cee-44771793-f479-4677-a6eb-304f4811352b-000000"}
[2024-06-22 04:23:50 PM] error: 	user.save is not a function
[2024-06-22 04:24:13 PM] error: 	E11000 duplicate key error collection: aauth.users index: email_1 dup key: { email: "kitman200220022002@gmail.com" }
[2024-06-22 04:24:38 PM] error: 	E11000 duplicate key error collection: aauth.users index: email_1 dup key: { email: "kitman200220022002@gmail.com" }
[2024-06-22 04:25:20 PM] error: 	E11000 duplicate key error collection: aauth.users index: email_1 dup key: { email: "kitman200220022002@gmail.com" }
[2024-06-22 04:28:34 PM] error: 	E11000 duplicate key error collection: aauth.users index: email_1 dup key: { email: "kitman200220022002@gmail.com" }
[2024-06-22 04:29:20 PM] error: 	Cannot read properties of undefined (reading '0')
[2024-06-22 04:30:09 PM] error: 	user.save is not a function
[2024-06-22 04:30:29 PM] error: 	user.save is not a function
[2024-06-22 04:31:00 PM] info: 	Email Sent Success: {"ResponseMetadata":{"RequestId":"da75bb7d-b1cf-4bd9-ac99-229c9cb417ab"},"MessageId":"010801903ea41ec2-fc0b9808-f084-4829-99bd-2435c98d842c-000000"}
[2024-06-22 04:34:07 PM] info: 	Email Sent Success: {"ResponseMetadata":{"RequestId":"ce5e3890-91c9-496f-8015-b104c8c776d1"},"MessageId":"010801903ea6f660-a32a2615-bfb4-4ae2-b73b-c7edec1931d6-000000"}
[2024-06-22 04:34:28 PM] info: 	Email Sent Success: {"ResponseMetadata":{"RequestId":"d9b69b53-090a-40c6-8264-570b3d46cf38"},"MessageId":"010801903ea74a05-b8dc81fd-7843-4d56-9f85-e227dd2eb800-000000"}
[2024-06-22 04:40:42 PM] info: 	Email Sent Success: {"ResponseMetadata":{"RequestId":"1b1713d0-9b12-40f7-a170-a7f11e05a875"},"MessageId":"010801903eacfcc2-dd4ae885-6b45-4aa1-8de0-9ea08977d3fc-000000"}
[2024-06-22 04:41:07 PM] info: 	Email Sent Success: {"ResponseMetadata":{"RequestId":"be1fc22d-6d30-4d6e-9390-a3bfdea04878"},"MessageId":"010801903ead615d-7cd882df-9bd0-48d7-9e77-1d12be7e34da-000000"}
[2024-06-22 04:41:46 PM] error: 	User validation failed: tokens.0: Cast to [string] failed for value "[\n' +
  '  {\n' +
  "    token: 'eyJhbGciOiJIUzI1NiIsInR5cCI6IkpXVCJ9.eyJfaWQiOiI2Njc2NzA3NDEwYzg4ODZkYzZiNTZhYWIiLCJpYXQiOjE3MTkwMzg1MDYsImV4cCI6MTcxOTIxMTMwNn0.jf1Ifz8yFEDz6iprsYS7PH1252kCjWLepfZVQr3KxyM'\n" +
  '  }\n' +
  ']" (type string) at path "tokens.0" because of "CastError"
[2024-06-22 04:43:36 PM] error: 	User validation failed: tokens.0: Cast to [string] failed for value "[\n' +
  '  {\n' +
  "    token: 'eyJhbGciOiJIUzI1NiIsInR5cCI6IkpXVCJ9.eyJfaWQiOiI2Njc2NzA3NDEwYzg4ODZkYzZiNTZhYWIiLCJpYXQiOjE3MTkwMzg2MTUsImV4cCI6MTcxOTIxMTQxNX0._bp0LZm4YIlYZ8zqv7KMbXE57O3VAZcDqZDY6JI5Rtw'\n" +
  '  }\n' +
  ']" (type string) at path "tokens.0" because of "CastError"
[2024-06-22 04:48:43 PM] error: 	Cannot set headers after they are sent to the client
[2024-06-22 04:49:52 PM] error: 	Cannot set headers after they are sent to the client
[2024-06-22 04:50:02 PM] error: 	Cannot set headers after they are sent to the client
[2024-06-22 04:50:34 PM] error: 	Cannot set headers after they are sent to the client
[2024-06-22 04:50:59 PM] error: 	Cannot set headers after they are sent to the client
[2024-06-22 04:51:33 PM] error: 	Cannot set headers after they are sent to the client
[2024-06-22 04:52:54 PM] error: 	Cannot set headers after they are sent to the client
[2024-06-22 04:53:19 PM] error: 	Cannot set headers after they are sent to the client
[2024-06-22 04:54:12 PM] error: 	Cannot set headers after they are sent to the client
[2024-06-23 11:38:33 PM] error: 	Cannot set headers after they are sent to the client
[2024-06-23 11:38:47 PM] error: 	Cannot set headers after they are sent to the client
[2024-06-23 11:46:50 PM] error: 	e.includes is not a function
[2024-06-23 11:46:52 PM] error: 	e.includes is not a function
[2024-06-23 11:47:22 PM] error: 	e.includes is not a function
[2024-06-23 11:58:18 PM] error: 	Cannot set headers after they are sent to the client
[2024-06-23 11:58:33 PM] error: 	Cannot set headers after they are sent to the client
[2024-06-23 11:59:08 PM] error: 	Cannot set headers after they are sent to the client
[2024-06-23 11:59:40 PM] error: 	Cannot set headers after they are sent to the client
[2024-06-24 12:00:05 AM] error: 	401
[2024-06-24 12:00:06 AM] error: 	401
[2024-06-24 12:00:07 AM] error: 	401
[2024-06-24 12:00:08 AM] error: 	401
[2024-06-24 12:00:09 AM] error: 	401
[2024-06-24 12:02:19 AM] error: 	logoutController:
[2024-06-24 12:03:14 AM] error: 	logoutController:
[2024-06-24 12:03:14 AM] error: 	logoutController:
[2024-06-24 12:03:16 AM] error: 	logoutController:
[2024-06-24 12:03:17 AM] error: 	logoutController:
[2024-06-24 12:03:17 AM] error: 	logoutController:
[2024-06-24 12:04:05 AM] error: 	logoutController:
[2024-06-24 12:04:06 AM] error: 	logoutController:
[2024-06-24 11:34:04 AM] info: 	Email Sent Success: {"ResponseMetadata":{"RequestId":"3473bb72-c8ff-468c-bead-c776ca221d28"},"MessageId":"0108019047e0f854-8319bef7-b7a9-42e9-a256-d1789ac0ad69-000000"}
[2024-06-24 11:55:21 AM] error: 	invalid token
[2024-06-24 11:55:41 AM] error: 	invalid token
[2024-06-24 11:55:44 AM] error: 	invalid token
[2024-06-24 11:57:54 AM] error: 	invalid token
[2024-06-24 11:58:25 AM] error: 	invalid token
